<?xml version="1.0" encoding="UTF-8"?>
<testng-results ignored="0" total="2" passed="2" failed="0" skipped="0">
  <reporter-output>
  </reporter-output>
  <suite started-at="2024-01-17T12:15:10Z" name="Default suite" finished-at="2024-01-17T12:15:18Z" duration-ms="8517">
    <groups>
      <group name="cucumber">
        <method signature="AbstractTestNGCucumberTests.runScenario(io.cucumber.testng.PickleWrapper, io.cucumber.testng.FeatureWrapper)[pri:0, instance:TestRuner.RunnerTest@7ae42ce3]" name="runScenario" class="io.cucumber.testng.AbstractTestNGCucumberTests"/>
      </group> <!-- cucumber -->
    </groups>
    <test started-at="2024-01-17T12:15:10Z" name="Default test" finished-at="2024-01-17T12:15:18Z" duration-ms="8517">
      <class name="TestRuner.RunnerTest">
        <test-method is-config="true" signature="setUpClass(org.testng.ITestContext)[pri:0, instance:TestRuner.RunnerTest@7ae42ce3]" started-at="2024-01-17T12:15:10Z" name="setUpClass" finished-at="2024-01-17T12:15:10Z" duration-ms="250" status="PASS">
          <params>
            <param index="0">
              <value>
                <![CDATA[org.testng.TestRunner@6c302a1d]]>
              </value>
            </param>
          </params>
          <reporter-output>
          </reporter-output>
        </test-method> <!-- setUpClass -->
        <test-method signature="runScenario(io.cucumber.testng.PickleWrapper, io.cucumber.testng.FeatureWrapper)[pri:0, instance:TestRuner.RunnerTest@7ae42ce3]" started-at="2024-01-17T12:15:10Z" name="runScenario" description="Runs Cucumber Scenarios" data-provider="scenarios" finished-at="2024-01-17T12:15:18Z" duration-ms="7948" status="PASS">
          <params>
            <param index="0">
              <value>
                <![CDATA["Test Facebook Regitration Application"]]>
              </value>
            </param>
            <param index="1">
              <value>
                <![CDATA["Test FB Application"]]>
              </value>
            </param>
          </params>
          <reporter-output>
          </reporter-output>
        </test-method> <!-- runScenario -->
        <test-method signature="runScenario(io.cucumber.testng.PickleWrapper, io.cucumber.testng.FeatureWrapper)[pri:0, instance:TestRuner.RunnerTest@7ae42ce3]" started-at="2024-01-17T12:15:18Z" name="runScenario" description="Runs Cucumber Scenarios" data-provider="scenarios" finished-at="2024-01-17T12:15:18Z" duration-ms="293" status="PASS">
          <params>
            <param index="0">
              <value>
                <![CDATA["Test Facebook Regitration Application"]]>
              </value>
            </param>
            <param index="1">
              <value>
                <![CDATA["Test FB Application"]]>
              </value>
            </param>
          </params>
          <reporter-output>
          </reporter-output>
        </test-method> <!-- runScenario -->
        <test-method is-config="true" signature="tearDownClass()[pri:0, instance:TestRuner.RunnerTest@7ae42ce3]" started-at="2024-01-17T12:15:18Z" name="tearDownClass" finished-at="2024-01-17T12:15:18Z" duration-ms="3" status="PASS">
          <reporter-output>
          </reporter-output>
        </test-method> <!-- tearDownClass -->
      </class> <!-- TestRuner.RunnerTest -->
    </test> <!-- Default test -->
  </suite> <!-- Default suite -->
</testng-results>
